-------------------------------------------------------------------------------
Test set: Login And Modificaciones
-------------------------------------------------------------------------------
Tests run: 5, Failures: 0, Errors: 5, Skipped: 0, Time elapsed: 3.233 s <<< FAILURE! - in Login And Modificaciones
Login And Modificaciones. #1  Time elapsed: 2.429 s  <<< ERROR!
net.serenitybdd.core.exceptions.StepInitialisationException: Failed to create step library for VisualizacionesAltas:Failed to create step library for WebElementFacade:Could not create type
Caused by: net.serenitybdd.core.exceptions.StepInitialisationException: Failed to create step library for WebElementFacade:Could not create type
Caused by: java.lang.IllegalArgumentException: Could not create type
Caused by: java.lang.IllegalArgumentException: None of [public static java.lang.Object net.thucydides.core.steps.ProxyConfiguration$InterceptorDispatcher.intercept(java.lang.Object,java.lang.reflect.Method,java.lang.Object[],java.lang.Object,net.thucydides.core.steps.Interceptor,java.lang.reflect.Method) throws java.lang.Throwable] allows for delegation from public abstract java.lang.Object org.openqa.selenium.TakesScreenshot.getScreenshotAs(org.openqa.selenium.OutputType) throws org.openqa.selenium.WebDriverException

Login And Modificaciones. #2  Time elapsed: 0.164 s  <<< ERROR!
net.serenitybdd.core.exceptions.StepInitialisationException: Failed to create step library for VisualizacionesAltas:Failed to create step library for WebElementFacade:Could not create type
Caused by: net.serenitybdd.core.exceptions.StepInitialisationException: Failed to create step library for WebElementFacade:Could not create type
Caused by: java.lang.IllegalArgumentException: Could not create type
Caused by: java.lang.IllegalArgumentException: None of [public static java.lang.Object net.thucydides.core.steps.ProxyConfiguration$InterceptorDispatcher.intercept(java.lang.Object,java.lang.reflect.Method,java.lang.Object[],java.lang.Object,net.thucydides.core.steps.Interceptor,java.lang.reflect.Method) throws java.lang.Throwable] allows for delegation from public abstract java.lang.Object org.openqa.selenium.TakesScreenshot.getScreenshotAs(org.openqa.selenium.OutputType) throws org.openqa.selenium.WebDriverException

Login And Modificaciones. #3  Time elapsed: 0.114 s  <<< ERROR!
net.serenitybdd.core.exceptions.StepInitialisationException: Failed to create step library for VisualizacionesAltas:Failed to create step library for WebElementFacade:Could not create type
Caused by: net.serenitybdd.core.exceptions.StepInitialisationException: Failed to create step library for WebElementFacade:Could not create type
Caused by: java.lang.IllegalArgumentException: Could not create type
Caused by: java.lang.IllegalArgumentException: None of [public static java.lang.Object net.thucydides.core.steps.ProxyConfiguration$InterceptorDispatcher.intercept(java.lang.Object,java.lang.reflect.Method,java.lang.Object[],java.lang.Object,net.thucydides.core.steps.Interceptor,java.lang.reflect.Method) throws java.lang.Throwable] allows for delegation from public abstract java.lang.Object org.openqa.selenium.TakesScreenshot.getScreenshotAs(org.openqa.selenium.OutputType) throws org.openqa.selenium.WebDriverException

Login And Modificaciones. #4  Time elapsed: 0.14 s  <<< ERROR!
net.serenitybdd.core.exceptions.StepInitialisationException: Failed to create step library for VisualizacionesAltas:Failed to create step library for WebElementFacade:Could not create type
Caused by: net.serenitybdd.core.exceptions.StepInitialisationException: Failed to create step library for WebElementFacade:Could not create type
Caused by: java.lang.IllegalArgumentException: Could not create type
Caused by: java.lang.IllegalArgumentException: None of [public static java.lang.Object net.thucydides.core.steps.ProxyConfiguration$InterceptorDispatcher.intercept(java.lang.Object,java.lang.reflect.Method,java.lang.Object[],java.lang.Object,net.thucydides.core.steps.Interceptor,java.lang.reflect.Method) throws java.lang.Throwable] allows for delegation from public abstract java.lang.Object org.openqa.selenium.TakesScreenshot.getScreenshotAs(org.openqa.selenium.OutputType) throws org.openqa.selenium.WebDriverException

Login And Modificaciones. #5  Time elapsed: 0.147 s  <<< ERROR!
net.serenitybdd.core.exceptions.StepInitialisationException: Failed to create step library for VisualizacionesAltas:Failed to create step library for WebElementFacade:Could not create type
Caused by: net.serenitybdd.core.exceptions.StepInitialisationException: Failed to create step library for WebElementFacade:Could not create type
Caused by: java.lang.IllegalArgumentException: Could not create type
Caused by: java.lang.IllegalArgumentException: None of [public static java.lang.Object net.thucydides.core.steps.ProxyConfiguration$InterceptorDispatcher.intercept(java.lang.Object,java.lang.reflect.Method,java.lang.Object[],java.lang.Object,net.thucydides.core.steps.Interceptor,java.lang.reflect.Method) throws java.lang.Throwable] allows for delegation from public abstract java.lang.Object org.openqa.selenium.TakesScreenshot.getScreenshotAs(org.openqa.selenium.OutputType) throws org.openqa.selenium.WebDriverException

